[debug] [2025-03-09T21:48:58.146Z] ----------------------------------------------------------------------
[debug] [2025-03-09T21:48:58.156Z] Command:       C:\Program Files\nodejs\node.exe C:\Users\Ayesha Udunuwara\AppData\Roaming\npm\node_modules\firebase-tools\lib\bin\firebase.js init
[debug] [2025-03-09T21:48:58.159Z] CLI Version:   13.33.0
[debug] [2025-03-09T21:48:58.159Z] Platform:      win32
[debug] [2025-03-09T21:48:58.159Z] Node Version:  v22.14.0
[debug] [2025-03-09T21:48:58.161Z] Time:          Mon Mar 10 2025 03:18:58 GMT+0530 (India Standard Time)
[debug] [2025-03-09T21:48:58.161Z] ----------------------------------------------------------------------
[debug] 
[debug] [2025-03-09T21:48:58.185Z] > command requires scopes: ["email","openid","https://www.googleapis.com/auth/cloudplatformprojects.readonly","https://www.googleapis.com/auth/firebase","https://www.googleapis.com/auth/cloud-platform"]
[debug] [2025-03-09T21:48:58.186Z] > authorizing via signed-in user (a.n.s.udunuwara@gmail.com)
[info] 
     ######## #### ########  ######## ########     ###     ######  ########
     ##        ##  ##     ## ##       ##     ##  ##   ##  ##       ##
     ######    ##  ########  ######   ########  #########  ######  ######
     ##        ##  ##    ##  ##       ##     ## ##     ##       ## ##
     ##       #### ##     ## ######## ########  ##     ##  ######  ########

You're about to initialize a Firebase project in this directory:

  D:\project-00\testapp

[info] 
=== Project Setup
[info] 
[info] First, let's associate this project directory with a Firebase project.
[info] You can create multiple project aliases by running firebase use --add, 
[info] but for now we'll just set up a default project.
[info] 
[debug] [2025-03-09T21:50:42.664Z] Checked if tokens are valid: false, expires at: 1741552961760
[debug] [2025-03-09T21:50:42.664Z] Checked if tokens are valid: false, expires at: 1741552961760
[debug] [2025-03-09T21:50:42.665Z] > refreshing access token with scopes: []
[debug] [2025-03-09T21:50:42.667Z] >>> [apiv2][query] POST https://www.googleapis.com/oauth2/v3/token [none]
[debug] [2025-03-09T21:50:42.667Z] >>> [apiv2][body] POST https://www.googleapis.com/oauth2/v3/token [omitted]
[debug] [2025-03-09T21:50:43.250Z] <<< [apiv2][status] POST https://www.googleapis.com/oauth2/v3/token 200
[debug] [2025-03-09T21:50:43.251Z] <<< [apiv2][body] POST https://www.googleapis.com/oauth2/v3/token [omitted]
[debug] [2025-03-09T21:50:43.272Z] >>> [apiv2][query] GET https://firebase.googleapis.com/v1beta1/availableProjects pageSize=100
[debug] [2025-03-09T21:50:44.294Z] <<< [apiv2][status] GET https://firebase.googleapis.com/v1beta1/availableProjects 200
[debug] [2025-03-09T21:50:44.295Z] <<< [apiv2][body] GET https://firebase.googleapis.com/v1beta1/availableProjects [omitted]
[debug] [2025-03-09T21:50:52.580Z] Checked if tokens are valid: true, expires at: 1741560641251
[debug] [2025-03-09T21:50:52.580Z] Checked if tokens are valid: true, expires at: 1741560641251
[debug] [2025-03-09T21:50:52.581Z] >>> [apiv2][query] POST https://firebase.googleapis.com/v1beta1/projects/test-app-453221:addFirebase [none]
[debug] [2025-03-09T21:50:54.987Z] <<< [apiv2][status] POST https://firebase.googleapis.com/v1beta1/projects/test-app-453221:addFirebase 200
[debug] [2025-03-09T21:50:54.987Z] <<< [apiv2][body] POST https://firebase.googleapis.com/v1beta1/projects/test-app-453221:addFirebase {"name":"operations/workflows/YTJiMmNiMWEtZWZjNi00Mjc2LTk4OWUtMDI5ZTA4NTZkY2Fh"}
[debug] [2025-03-09T21:50:54.988Z] Checked if tokens are valid: true, expires at: 1741560641251
[debug] [2025-03-09T21:50:54.988Z] Checked if tokens are valid: true, expires at: 1741560641251
[debug] [2025-03-09T21:50:54.989Z] >>> [apiv2][query] GET https://firebase.googleapis.com/v1beta1/operations/workflows/YTJiMmNiMWEtZWZjNi00Mjc2LTk4OWUtMDI5ZTA4NTZkY2Fh [none]
[debug] [2025-03-09T21:50:57.424Z] <<< [apiv2][status] GET https://firebase.googleapis.com/v1beta1/operations/workflows/YTJiMmNiMWEtZWZjNi00Mjc2LTk4OWUtMDI5ZTA4NTZkY2Fh 200
[debug] [2025-03-09T21:50:57.424Z] <<< [apiv2][body] GET https://firebase.googleapis.com/v1beta1/operations/workflows/YTJiMmNiMWEtZWZjNi00Mjc2LTk4OWUtMDI5ZTA4NTZkY2Fh {"name":"operations/workflows/YTJiMmNiMWEtZWZjNi00Mjc2LTk4OWUtMDI5ZTA4NTZkY2Fh"}
[debug] [2025-03-09T21:50:57.927Z] [Add Firebase Poller] Retrying task index 0
[debug] [2025-03-09T21:50:57.927Z] Checked if tokens are valid: true, expires at: 1741560641251
[debug] [2025-03-09T21:50:57.927Z] Checked if tokens are valid: true, expires at: 1741560641251
[debug] [2025-03-09T21:50:57.927Z] >>> [apiv2][query] GET https://firebase.googleapis.com/v1beta1/operations/workflows/YTJiMmNiMWEtZWZjNi00Mjc2LTk4OWUtMDI5ZTA4NTZkY2Fh [none]
[debug] [2025-03-09T21:50:58.831Z] <<< [apiv2][status] GET https://firebase.googleapis.com/v1beta1/operations/workflows/YTJiMmNiMWEtZWZjNi00Mjc2LTk4OWUtMDI5ZTA4NTZkY2Fh 200
[debug] [2025-03-09T21:50:58.831Z] <<< [apiv2][body] GET https://firebase.googleapis.com/v1beta1/operations/workflows/YTJiMmNiMWEtZWZjNi00Mjc2LTk4OWUtMDI5ZTA4NTZkY2Fh {"name":"operations/workflows/YTJiMmNiMWEtZWZjNi00Mjc2LTk4OWUtMDI5ZTA4NTZkY2Fh"}
[debug] [2025-03-09T21:50:59.839Z] [Add Firebase Poller] Retrying task index 0
[debug] [2025-03-09T21:50:59.840Z] Checked if tokens are valid: true, expires at: 1741560641251
[debug] [2025-03-09T21:50:59.840Z] Checked if tokens are valid: true, expires at: 1741560641251
[debug] [2025-03-09T21:50:59.840Z] >>> [apiv2][query] GET https://firebase.googleapis.com/v1beta1/operations/workflows/YTJiMmNiMWEtZWZjNi00Mjc2LTk4OWUtMDI5ZTA4NTZkY2Fh [none]
[debug] [2025-03-09T21:51:00.665Z] <<< [apiv2][status] GET https://firebase.googleapis.com/v1beta1/operations/workflows/YTJiMmNiMWEtZWZjNi00Mjc2LTk4OWUtMDI5ZTA4NTZkY2Fh 200
[debug] [2025-03-09T21:51:00.665Z] <<< [apiv2][body] GET https://firebase.googleapis.com/v1beta1/operations/workflows/YTJiMmNiMWEtZWZjNi00Mjc2LTk4OWUtMDI5ZTA4NTZkY2Fh {"name":"operations/workflows/YTJiMmNiMWEtZWZjNi00Mjc2LTk4OWUtMDI5ZTA4NTZkY2Fh"}
[debug] [2025-03-09T21:51:02.675Z] [Add Firebase Poller] Retrying task index 0
[debug] [2025-03-09T21:51:02.675Z] Checked if tokens are valid: true, expires at: 1741560641251
[debug] [2025-03-09T21:51:02.675Z] Checked if tokens are valid: true, expires at: 1741560641251
[debug] [2025-03-09T21:51:02.676Z] >>> [apiv2][query] GET https://firebase.googleapis.com/v1beta1/operations/workflows/YTJiMmNiMWEtZWZjNi00Mjc2LTk4OWUtMDI5ZTA4NTZkY2Fh [none]
[debug] [2025-03-09T21:51:03.513Z] <<< [apiv2][status] GET https://firebase.googleapis.com/v1beta1/operations/workflows/YTJiMmNiMWEtZWZjNi00Mjc2LTk4OWUtMDI5ZTA4NTZkY2Fh 200
[debug] [2025-03-09T21:51:03.513Z] <<< [apiv2][body] GET https://firebase.googleapis.com/v1beta1/operations/workflows/YTJiMmNiMWEtZWZjNi00Mjc2LTk4OWUtMDI5ZTA4NTZkY2Fh {"name":"operations/workflows/YTJiMmNiMWEtZWZjNi00Mjc2LTk4OWUtMDI5ZTA4NTZkY2Fh"}
[debug] [2025-03-09T21:51:07.525Z] [Add Firebase Poller] Retrying task index 0
[debug] [2025-03-09T21:51:07.525Z] Checked if tokens are valid: true, expires at: 1741560641251
[debug] [2025-03-09T21:51:07.525Z] Checked if tokens are valid: true, expires at: 1741560641251
[debug] [2025-03-09T21:51:07.526Z] >>> [apiv2][query] GET https://firebase.googleapis.com/v1beta1/operations/workflows/YTJiMmNiMWEtZWZjNi00Mjc2LTk4OWUtMDI5ZTA4NTZkY2Fh [none]
[debug] [2025-03-09T21:51:08.341Z] <<< [apiv2][status] GET https://firebase.googleapis.com/v1beta1/operations/workflows/YTJiMmNiMWEtZWZjNi00Mjc2LTk4OWUtMDI5ZTA4NTZkY2Fh 200
[debug] [2025-03-09T21:51:08.341Z] <<< [apiv2][body] GET https://firebase.googleapis.com/v1beta1/operations/workflows/YTJiMmNiMWEtZWZjNi00Mjc2LTk4OWUtMDI5ZTA4NTZkY2Fh {"name":"operations/workflows/YTJiMmNiMWEtZWZjNi00Mjc2LTk4OWUtMDI5ZTA4NTZkY2Fh","done":true,"response":{"@type":"type.googleapis.com/google.firebase.service.v1beta1.FirebaseProject","projectId":"test-app-453221","projectNumber":"1040234717094","displayName":"test-app","name":"projects/test-app-453221","resources":{"hostingSite":"test-app-453221"}}}
[info] 
[info] === Your Firebase project is ready! ===
[info] 
[info] Project information:
[info]    - Project ID: test-app-453221
[info]    - Project Name: test-app
[info] 
[info] Firebase console is available at
[info] https://console.firebase.google.com/project/test-app-453221/overview
[info] i  Using project test-app-453221 (test-app) 
[info] 
=== Dataconnect Setup
[debug] [2025-03-09T21:51:08.380Z] Checked if tokens are valid: true, expires at: 1741560641251
[debug] [2025-03-09T21:51:08.380Z] Checked if tokens are valid: true, expires at: 1741560641251
[debug] [2025-03-09T21:51:08.381Z] >>> [apiv2][query] GET https://cloudbilling.googleapis.com/v1/projects/test-app-453221/billingInfo [none]
[debug] [2025-03-09T21:51:10.100Z] <<< [apiv2][status] GET https://cloudbilling.googleapis.com/v1/projects/test-app-453221/billingInfo 200
[debug] [2025-03-09T21:51:10.100Z] <<< [apiv2][body] GET https://cloudbilling.googleapis.com/v1/projects/test-app-453221/billingInfo {"name":"projects/test-app-453221/billingInfo","projectId":"test-app-453221","billingAccountName":"","billingEnabled":false}
[info] i  dataconnect: ensuring required API sqladmin.googleapis.com is enabled... 
[debug] [2025-03-09T21:51:10.102Z] Checked if tokens are valid: true, expires at: 1741560641251
[debug] [2025-03-09T21:51:10.102Z] Checked if tokens are valid: true, expires at: 1741560641251
[debug] [2025-03-09T21:51:10.102Z] >>> [apiv2][query] GET https://serviceusage.googleapis.com/v1/projects/test-app-453221/services/sqladmin.googleapis.com [none]
[debug] [2025-03-09T21:51:10.103Z] >>> [apiv2][(partial)header] GET https://serviceusage.googleapis.com/v1/projects/test-app-453221/services/sqladmin.googleapis.com x-goog-quota-user=projects/test-app-453221
[debug] [2025-03-09T21:51:12.110Z] <<< [apiv2][status] GET https://serviceusage.googleapis.com/v1/projects/test-app-453221/services/sqladmin.googleapis.com 200
[debug] [2025-03-09T21:51:12.111Z] <<< [apiv2][body] GET https://serviceusage.googleapis.com/v1/projects/test-app-453221/services/sqladmin.googleapis.com [omitted]
[warn] !  dataconnect: missing required API sqladmin.googleapis.com. Enabling now... 
[debug] [2025-03-09T21:51:12.112Z] Checked if tokens are valid: true, expires at: 1741560641251
[debug] [2025-03-09T21:51:12.112Z] Checked if tokens are valid: true, expires at: 1741560641251
[debug] [2025-03-09T21:51:12.112Z] >>> [apiv2][query] POST https://serviceusage.googleapis.com/v1/projects/test-app-453221/services/sqladmin.googleapis.com:enable [none]
[debug] [2025-03-09T21:51:12.112Z] >>> [apiv2][(partial)header] POST https://serviceusage.googleapis.com/v1/projects/test-app-453221/services/sqladmin.googleapis.com:enable x-goog-quota-user=projects/test-app-453221
[debug] [2025-03-09T21:51:12.670Z] <<< [apiv2][status] POST https://serviceusage.googleapis.com/v1/projects/test-app-453221/services/sqladmin.googleapis.com:enable 200
[debug] [2025-03-09T21:51:12.670Z] <<< [apiv2][body] POST https://serviceusage.googleapis.com/v1/projects/test-app-453221/services/sqladmin.googleapis.com:enable [omitted]
[debug] [2025-03-09T21:51:22.680Z] Checked if tokens are valid: true, expires at: 1741560641251
[debug] [2025-03-09T21:51:22.680Z] Checked if tokens are valid: true, expires at: 1741560641251
[debug] [2025-03-09T21:51:22.680Z] >>> [apiv2][query] GET https://serviceusage.googleapis.com/v1/projects/test-app-453221/services/sqladmin.googleapis.com [none]
[debug] [2025-03-09T21:51:22.680Z] >>> [apiv2][(partial)header] GET https://serviceusage.googleapis.com/v1/projects/test-app-453221/services/sqladmin.googleapis.com x-goog-quota-user=projects/test-app-453221
[debug] [2025-03-09T21:51:24.817Z] <<< [apiv2][status] GET https://serviceusage.googleapis.com/v1/projects/test-app-453221/services/sqladmin.googleapis.com 200
[debug] [2025-03-09T21:51:24.817Z] <<< [apiv2][body] GET https://serviceusage.googleapis.com/v1/projects/test-app-453221/services/sqladmin.googleapis.com [omitted]
[info] +  dataconnect: required API sqladmin.googleapis.com is enabled 
[info] i  dataconnect\dataconnect.yaml is unchanged 
[info] i  dataconnect\schema\schema.gql is unchanged 
[info] +  Wrote dataconnect\connector\connector.yaml 
[info] i  dataconnect\connector\queries.gql is unchanged 
[info] i  dataconnect\connector\mutations.gql is unchanged 
[info] +  Detected WEB app in directory D:\project-00\testapp 
[info] i  Wrote new config to D:\project-00\testapp\dataconnect\connector/connector.yaml 
[info] I0310 03:22:04.256633   20708 codegen.go:82] [connector "default" javascriptSdk] Generating sources into "D:\\project-00\\testapp\\dataconnect-generated\\js\\default-connector"
I0310 03:22:04.260626   20708 generate.go:40] Generated all sources. Writing them to disk...
I0310 03:22:04.262346   20708 collector.go:107] connector "default" javascriptSdk wrote into "D:\\project-00\\testapp\\dataconnect-generated\\js\\default-connector"
Generated sources: index.cjs.js [146B] package.json [634B] README.md [2800B] index.d.ts [246B] esm\index.esm.js [110B] esm\package.json [17B] 
I0310 03:22:04.262346   20708 collector.go:114] connector "default" javascriptSdk deleted obsolete file "D:\\project-00\\testapp\\dataconnect-generated\\js\\default-connector\\package-lock.json"
I0310 03:22:04.586212   20708 installsdk.go:76] Running command: C:\Program Files\nodejs\npm.cmd install file:dataconnect-generated\js\default-connector

[info] i  Generated SDK code for default 
[info] +  If you'd like to add more generated SDKs to your app your later, run firebase init dataconnect:sdk again 
[info] i  If you'd like to provision a CloudSQL Postgres instance on the Firebase Data Connect no-cost trial:
1. Please upgrade to the pay-as-you-go (Blaze) billing plan. Visit the following page:
     https://console.firebase.google.com/project/test-app-453221/usage/details
2. Run firebase init dataconnect again to configure the Cloud SQL instance.
3. Run firebase deploy --only dataconnect to deploy your Data Connect service. 
[info] 
=== Hosting Setup
[debug] [2025-03-09T21:52:21.030Z] Checked if tokens are valid: true, expires at: 1741560641251
[debug] [2025-03-09T21:52:21.031Z] Checked if tokens are valid: true, expires at: 1741560641251
[debug] [2025-03-09T21:52:21.031Z] >>> [apiv2][query] GET https://firebase.googleapis.com/v1beta1/projects/test-app-453221 [none]
[debug] [2025-03-09T21:52:21.802Z] <<< [apiv2][status] GET https://firebase.googleapis.com/v1beta1/projects/test-app-453221 200
[debug] [2025-03-09T21:52:21.803Z] <<< [apiv2][body] GET https://firebase.googleapis.com/v1beta1/projects/test-app-453221 {"projectId":"test-app-453221","projectNumber":"1040234717094","displayName":"test-app","name":"projects/test-app-453221","resources":{"hostingSite":"test-app-453221"},"state":"ACTIVE","etag":"1_840c3085-d1e4-4487-9860-da9d2809ba3f"}
[info] 
[info] Your public directory is the folder (relative to your project directory) that
[info] will contain Hosting assets to be uploaded with firebase deploy. If you
[info] have a build process for your assets, use your build's output directory.
[info] 
[debug] [2025-03-09T21:52:40.519Z] >>> [apiv2][query] GET https://www.gstatic.com/firebasejs/releases.json [none]
[debug] [2025-03-09T21:52:40.955Z] <<< [apiv2][status] GET https://www.gstatic.com/firebasejs/releases.json 200
[debug] [2025-03-09T21:52:40.955Z] <<< [apiv2][body] GET https://www.gstatic.com/firebasejs/releases.json {"current":{"version":"11.4.0","browserURL":"https://www.gstatic.com/firebasejs/11.4.0/firebase.js","packageURL":"https://www.gstatic.com/firebasejs/11.4.0/firebase.tgz"},"live":{"version":"11.4","browserURL":"https://www.gstatic.com/firebasejs/live/11.4/firebase.js","packageURL":"https://www.gstatic.com/firebasejs/live/11.4/firebase.tgz"},"components":{"analytics":"https://www.gstatic.com/firebasejs/11.4.0/firebase-analytics.js","app":"https://www.gstatic.com/firebasejs/11.4.0/firebase-app.js","app-check":"https://www.gstatic.com/firebasejs/11.4.0/firebase-app-check.js","auth":"https://www.gstatic.com/firebasejs/11.4.0/firebase-auth.js","auth/cordova":"https://www.gstatic.com/firebasejs/11.4.0/firebase-auth/cordova.js","auth/web-extension":"https://www.gstatic.com/firebasejs/11.4.0/firebase-auth/web-extension.js","functions":"https://www.gstatic.com/firebasejs/11.4.0/firebase-functions.js","firestore":"https://www.gstatic.com/firebasejs/11.4.0/firebase-firestore.js","firestore/lite":"https://www.gstatic.com/firebasejs/11.4.0/firebase-firestore/lite.js","installations":"https://www.gstatic.com/firebasejs/11.4.0/firebase-installations.js","storage":"https://www.gstatic.com/firebasejs/11.4.0/firebase-storage.js","performance":"https://www.gstatic.com/firebasejs/11.4.0/firebase-performance.js","remote-config":"https://www.gstatic.com/firebasejs/11.4.0/firebase-remote-config.js","messaging":"https://www.gstatic.com/firebasejs/11.4.0/firebase-messaging.js","messaging/sw":"https://www.gstatic.com/firebasejs/11.4.0/firebase-messaging/sw.js","database":"https://www.gstatic.com/firebasejs/11.4.0/firebase-database.js","vertexai":"https://www.gstatic.com/firebasejs/11.4.0/firebase-vertexai.js","data-connect":"https://www.gstatic.com/firebasejs/11.4.0/firebase-data-connect.js","firestore.memory":"https://www.gstatic.com/firebasejs/11.4.0/firebase-firestore.memory.js"}}
[info] i  public/index.html is unchanged 
[info] 
[info] i  Detected a .git folder at D:\project-00\testapp 
[info] i  Authorizing with GitHub to upload your service account to a GitHub repository's secrets store. 
[info] 
[info] Visit this URL on this device to log in:
[info] https://github.com/login/oauth/authorize?client_id=89cf50f02ac6aaed3484&state=551295089&redirect_uri=http%3A%2F%2Flocalhost%3A9005&scope=read%3Auser%20repo%20public_repo
[info] 
[info] Waiting for authentication...
[debug] [2025-03-09T21:52:42.414Z] >>> [apiv2][query] POST https://github.com/login/oauth/access_token [none]
[debug] [2025-03-09T21:52:42.414Z] >>> [apiv2][body] POST https://github.com/login/oauth/access_token [stream]
[debug] [2025-03-09T21:52:42.973Z] <<< [apiv2][status] POST https://github.com/login/oauth/access_token 200
[debug] [2025-03-09T21:52:42.973Z] <<< [apiv2][body] POST https://github.com/login/oauth/access_token {"access_token":"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","token_type":"bearer","scope":"read:user,repo"}
[debug] [2025-03-09T21:52:42.975Z] >>> [apiv2][query] GET https://api.github.com/user [none]
[debug] [2025-03-09T21:52:43.583Z] <<< [apiv2][status] GET https://api.github.com/user 200
[debug] [2025-03-09T21:52:43.583Z] <<< [apiv2][body] GET https://api.github.com/user {"login":"AyeshaGitHub96","id":151867817,"node_id":"U_kgDOCQ1RqQ","avatar_url":"https://avatars.githubusercontent.com/u/151867817?v=4","gravatar_id":"","url":"https://api.github.com/users/AyeshaGitHub96","html_url":"https://github.com/AyeshaGitHub96","followers_url":"https://api.github.com/users/AyeshaGitHub96/followers","following_url":"https://api.github.com/users/AyeshaGitHub96/following{/other_user}","gists_url":"https://api.github.com/users/AyeshaGitHub96/gists{/gist_id}","starred_url":"https://api.github.com/users/AyeshaGitHub96/starred{/owner}{/repo}","subscriptions_url":"https://api.github.com/users/AyeshaGitHub96/subscriptions","organizations_url":"https://api.github.com/users/AyeshaGitHub96/orgs","repos_url":"https://api.github.com/users/AyeshaGitHub96/repos","events_url":"https://api.github.com/users/AyeshaGitHub96/events{/privacy}","received_events_url":"https://api.github.com/users/AyeshaGitHub96/received_events","type":"User","user_view_type":"private","site_admin":false,"name":"Ayesha GitHub","company":null,"blog":"","location":null,"email":null,"hireable":null,"bio":null,"twitter_username":null,"notification_email":null,"public_repos":2,"public_gists":0,"followers":0,"following":0,"created_at":"2023-11-23T17:25:56Z","updated_at":"2025-03-08T12:48:03Z","private_gists":0,"total_private_repos":1,"owned_private_repos":1,"disk_usage":835,"collaborators":0,"two_factor_authentication":false,"plan":{"name":"free","space":976562499,"collaborators":0,"private_repos":10000}}
[info] 
[info] +  Success! Logged into GitHub as AyeshaGitHub96 
[info] 
[debug] [2025-03-09T21:53:54.351Z] >>> [apiv2][query] GET https://api.github.com/repos/ AyeshaGitHub96/test-app/actions/secrets/public-key type=owner
[debug] [2025-03-09T21:53:54.884Z] <<< [apiv2][status] GET https://api.github.com/repos/ AyeshaGitHub96/test-app/actions/secrets/public-key 404
[debug] [2025-03-09T21:53:54.884Z] <<< [apiv2][body] GET https://api.github.com/repos/ AyeshaGitHub96/test-app/actions/secrets/public-key {"message":"Not Found","documentation_url":"https://docs.github.com/rest/actions/secrets#get-a-repository-public-key","status":"404"}
[info] 
[info] 
[error] !  The provided authorization cannot be used with this repository. If this repository is in an organization, did you remember to grant access? 
[info] 
[info] i  Action required: Visit this URL to ensure access has been granted to the appropriate organization(s) for the Firebase CLI GitHub OAuth App: 
[info] https://github.com/settings/connections/applications/89cf50f02ac6aaed3484
[info] 
[debug] [2025-03-09T21:54:19.052Z] >>> [apiv2][query] GET https://api.github.com/repos/ AyeshaGitHub96/test-app/actions/secrets/public-key type=owner
[debug] [2025-03-09T21:54:19.557Z] <<< [apiv2][status] GET https://api.github.com/repos/ AyeshaGitHub96/test-app/actions/secrets/public-key 404
[debug] [2025-03-09T21:54:19.557Z] <<< [apiv2][body] GET https://api.github.com/repos/ AyeshaGitHub96/test-app/actions/secrets/public-key {"message":"Not Found","documentation_url":"https://docs.github.com/rest/actions/secrets#get-a-repository-public-key","status":"404"}
[info] 
[info] 
[error] !  The provided authorization cannot be used with this repository. If this repository is in an organization, did you remember to grant access? 
[info] 
[info] i  Action required: Visit this URL to ensure access has been granted to the appropriate organization(s) for the Firebase CLI GitHub OAuth App: 
[info] https://github.com/settings/connections/applications/89cf50f02ac6aaed3484
[info] 
[debug] [2025-03-09T21:54:51.230Z] >>> [apiv2][query] GET https://api.github.com/repos/ AyeshaGitHub96/task-app/actions/secrets/public-key type=owner
[debug] [2025-03-09T21:54:51.744Z] <<< [apiv2][status] GET https://api.github.com/repos/ AyeshaGitHub96/task-app/actions/secrets/public-key 404
[debug] [2025-03-09T21:54:51.744Z] <<< [apiv2][body] GET https://api.github.com/repos/ AyeshaGitHub96/task-app/actions/secrets/public-key {"message":"Not Found","documentation_url":"https://docs.github.com/rest/actions/secrets#get-a-repository-public-key","status":"404"}
[info] 
[info] 
[error] !  The provided authorization cannot be used with this repository. If this repository is in an organization, did you remember to grant access? 
[info] 
[info] i  Action required: Visit this URL to ensure access has been granted to the appropriate organization(s) for the Firebase CLI GitHub OAuth App: 
[info] https://github.com/settings/connections/applications/89cf50f02ac6aaed3484
[info] 
[debug] [2025-03-09T21:54:56.271Z] >>> [apiv2][query] GET https://api.github.com/repos/ AyeshaGitHub96/task-app/actions/secrets/public-key type=owner
[debug] [2025-03-09T21:54:56.619Z] <<< [apiv2][status] GET https://api.github.com/repos/ AyeshaGitHub96/task-app/actions/secrets/public-key 404
[debug] [2025-03-09T21:54:56.619Z] <<< [apiv2][body] GET https://api.github.com/repos/ AyeshaGitHub96/task-app/actions/secrets/public-key {"message":"Not Found","documentation_url":"https://docs.github.com/rest/actions/secrets#get-a-repository-public-key","status":"404"}
[info] 
[info] 
[error] !  The provided authorization cannot be used with this repository. If this repository is in an organization, did you remember to grant access? 
[info] 
[info] i  Action required: Visit this URL to ensure access has been granted to the appropriate organization(s) for the Firebase CLI GitHub OAuth App: 
[info] https://github.com/settings/connections/applications/89cf50f02ac6aaed3484
[info] 
[debug] [2025-03-09T21:54:58.131Z] >>> [apiv2][query] GET https://api.github.com/repos/ AyeshaGitHub96/task-app/actions/secrets/public-key type=owner
[debug] [2025-03-09T21:54:58.479Z] <<< [apiv2][status] GET https://api.github.com/repos/ AyeshaGitHub96/task-app/actions/secrets/public-key 404
[debug] [2025-03-09T21:54:58.480Z] <<< [apiv2][body] GET https://api.github.com/repos/ AyeshaGitHub96/task-app/actions/secrets/public-key {"message":"Not Found","documentation_url":"https://docs.github.com/rest/actions/secrets#get-a-repository-public-key","status":"404"}
[info] 
[info] 
[error] !  The provided authorization cannot be used with this repository. If this repository is in an organization, did you remember to grant access? 
[info] 
[info] i  Action required: Visit this URL to ensure access has been granted to the appropriate organization(s) for the Firebase CLI GitHub OAuth App: 
[info] https://github.com/settings/connections/applications/89cf50f02ac6aaed3484
[info] 
[debug] [2025-03-09T21:54:59.847Z] >>> [apiv2][query] GET https://api.github.com/repos/ AyeshaGitHub96/task-app/actions/secrets/public-key type=owner
[debug] [2025-03-09T21:55:00.183Z] <<< [apiv2][status] GET https://api.github.com/repos/ AyeshaGitHub96/task-app/actions/secrets/public-key 404
[debug] [2025-03-09T21:55:00.184Z] <<< [apiv2][body] GET https://api.github.com/repos/ AyeshaGitHub96/task-app/actions/secrets/public-key {"message":"Not Found","documentation_url":"https://docs.github.com/rest/actions/secrets#get-a-repository-public-key","status":"404"}
[info] 
[info] 
[error] !  The provided authorization cannot be used with this repository. If this repository is in an organization, did you remember to grant access? 
[info] 
[info] i  Action required: Visit this URL to ensure access has been granted to the appropriate organization(s) for the Firebase CLI GitHub OAuth App: 
[info] https://github.com/settings/connections/applications/89cf50f02ac6aaed3484
[info] 
[debug] [2025-03-09T21:55:32.343Z] >>> [apiv2][query] GET https://api.github.com/repos/ AyeshaGitHub96/task-app/actions/secrets/public-key type=owner
[debug] [2025-03-09T21:55:32.842Z] <<< [apiv2][status] GET https://api.github.com/repos/ AyeshaGitHub96/task-app/actions/secrets/public-key 404
[debug] [2025-03-09T21:55:32.843Z] <<< [apiv2][body] GET https://api.github.com/repos/ AyeshaGitHub96/task-app/actions/secrets/public-key {"message":"Not Found","documentation_url":"https://docs.github.com/rest/actions/secrets#get-a-repository-public-key","status":"404"}
[info] 
[info] 
[error] !  The provided authorization cannot be used with this repository. If this repository is in an organization, did you remember to grant access? 
[info] 
[info] i  Action required: Visit this URL to ensure access has been granted to the appropriate organization(s) for the Firebase CLI GitHub OAuth App: 
[info] https://github.com/settings/connections/applications/89cf50f02ac6aaed3484
[info] 
[debug] [2025-03-09T21:55:50.660Z] >>> [apiv2][query] GET https://api.github.com/repos/ AyeshaGitHub96/tak-app/actions/secrets/public-key type=owner
[debug] [2025-03-09T21:55:51.167Z] <<< [apiv2][status] GET https://api.github.com/repos/ AyeshaGitHub96/tak-app/actions/secrets/public-key 404
[debug] [2025-03-09T21:55:51.167Z] <<< [apiv2][body] GET https://api.github.com/repos/ AyeshaGitHub96/tak-app/actions/secrets/public-key {"message":"Not Found","documentation_url":"https://docs.github.com/rest/actions/secrets#get-a-repository-public-key","status":"404"}
[info] 
[info] 
[error] !  The provided authorization cannot be used with this repository. If this repository is in an organization, did you remember to grant access? 
[info] 
[info] i  Action required: Visit this URL to ensure access has been granted to the appropriate organization(s) for the Firebase CLI GitHub OAuth App: 
[info] https://github.com/settings/connections/applications/89cf50f02ac6aaed3484
[info] 
[debug] [2025-03-09T21:55:53.836Z] >>> [apiv2][query] GET https://api.github.com/repos/ AyeshaGitHub96/tak-app/actions/secrets/public-key type=owner
[debug] [2025-03-09T21:55:54.173Z] <<< [apiv2][status] GET https://api.github.com/repos/ AyeshaGitHub96/tak-app/actions/secrets/public-key 404
[debug] [2025-03-09T21:55:54.173Z] <<< [apiv2][body] GET https://api.github.com/repos/ AyeshaGitHub96/tak-app/actions/secrets/public-key {"message":"Not Found","documentation_url":"https://docs.github.com/rest/actions/secrets#get-a-repository-public-key","status":"404"}
[info] 
[info] 
[error] !  The provided authorization cannot be used with this repository. If this repository is in an organization, did you remember to grant access? 
[info] 
[info] i  Action required: Visit this URL to ensure access has been granted to the appropriate organization(s) for the Firebase CLI GitHub OAuth App: 
[info] https://github.com/settings/connections/applications/89cf50f02ac6aaed3484
[info] 
[debug] [2025-03-09T21:55:54.970Z] >>> [apiv2][query] GET https://api.github.com/repos/ AyeshaGitHub96/tak-app/actions/secrets/public-key type=owner
[debug] [2025-03-09T21:55:55.337Z] <<< [apiv2][status] GET https://api.github.com/repos/ AyeshaGitHub96/tak-app/actions/secrets/public-key 404
[debug] [2025-03-09T21:55:55.338Z] <<< [apiv2][body] GET https://api.github.com/repos/ AyeshaGitHub96/tak-app/actions/secrets/public-key {"message":"Not Found","documentation_url":"https://docs.github.com/rest/actions/secrets#get-a-repository-public-key","status":"404"}
[info] 
[info] 
[error] !  The provided authorization cannot be used with this repository. If this repository is in an organization, did you remember to grant access? 
[info] 
[info] i  Action required: Visit this URL to ensure access has been granted to the appropriate organization(s) for the Firebase CLI GitHub OAuth App: 
[info] https://github.com/settings/connections/applications/89cf50f02ac6aaed3484
[info] 
[debug] [2025-03-09T21:55:55.982Z] >>> [apiv2][query] GET https://api.github.com/repos/ AyeshaGitHub96/tak-app/actions/secrets/public-key type=owner
[debug] [2025-03-09T21:55:56.343Z] <<< [apiv2][status] GET https://api.github.com/repos/ AyeshaGitHub96/tak-app/actions/secrets/public-key 404
[debug] [2025-03-09T21:55:56.343Z] <<< [apiv2][body] GET https://api.github.com/repos/ AyeshaGitHub96/tak-app/actions/secrets/public-key {"message":"Not Found","documentation_url":"https://docs.github.com/rest/actions/secrets#get-a-repository-public-key","status":"404"}
[info] 
[info] 
[error] !  The provided authorization cannot be used with this repository. If this repository is in an organization, did you remember to grant access? 
[info] 
[info] i  Action required: Visit this URL to ensure access has been granted to the appropriate organization(s) for the Firebase CLI GitHub OAuth App: 
[info] https://github.com/settings/connections/applications/89cf50f02ac6aaed3484
[info] 
[debug] [2025-03-09T21:56:18.738Z] >>> [apiv2][query] GET https://api.github.com/repos/ AyeshaGitHub96/tak-app/actions/secrets/public-key type=owner
[debug] [2025-03-09T21:56:19.247Z] <<< [apiv2][status] GET https://api.github.com/repos/ AyeshaGitHub96/tak-app/actions/secrets/public-key 404
[debug] [2025-03-09T21:56:19.247Z] <<< [apiv2][body] GET https://api.github.com/repos/ AyeshaGitHub96/tak-app/actions/secrets/public-key {"message":"Not Found","documentation_url":"https://docs.github.com/rest/actions/secrets#get-a-repository-public-key","status":"404"}
[info] 
[info] 
[error] !  The provided authorization cannot be used with this repository. If this repository is in an organization, did you remember to grant access? 
[info] 
[info] i  Action required: Visit this URL to ensure access has been granted to the appropriate organization(s) for the Firebase CLI GitHub OAuth App: 
[info] https://github.com/settings/connections/applications/89cf50f02ac6aaed3484
[info] 
[debug] [2025-03-09T21:56:32.389Z] >>> [apiv2][query] GET https://api.github.com/repos//actions/secrets/public-key type=owner
[debug] [2025-03-09T21:56:32.866Z] <<< [apiv2][status] GET https://api.github.com/repos//actions/secrets/public-key 404
[debug] [2025-03-09T21:56:32.866Z] <<< [apiv2][body] GET https://api.github.com/repos//actions/secrets/public-key {"message":"Not Found","documentation_url":"https://docs.github.com/rest","status":"404"}
[info] 
[info] 
[error] !  The provided authorization cannot be used with this repository. If this repository is in an organization, did you remember to grant access? 
[info] 
[info] i  Action required: Visit this URL to ensure access has been granted to the appropriate organization(s) for the Firebase CLI GitHub OAuth App: 
[info] https://github.com/settings/connections/applications/89cf50f02ac6aaed3484
[info] 
[debug] [2025-03-09T21:56:46.227Z] >>> [apiv2][query] GET https://api.github.com/repos//actions/secrets/public-key type=owner
[debug] [2025-03-09T21:56:46.704Z] <<< [apiv2][status] GET https://api.github.com/repos//actions/secrets/public-key 404
[debug] [2025-03-09T21:56:46.704Z] <<< [apiv2][body] GET https://api.github.com/repos//actions/secrets/public-key {"message":"Not Found","documentation_url":"https://docs.github.com/rest","status":"404"}
[info] 
[info] 
[error] !  The provided authorization cannot be used with this repository. If this repository is in an organization, did you remember to grant access? 
[info] 
[info] i  Action required: Visit this URL to ensure access has been granted to the appropriate organization(s) for the Firebase CLI GitHub OAuth App: 
[info] https://github.com/settings/connections/applications/89cf50f02ac6aaed3484
[info] 
[debug] [2025-03-09T21:56:51.068Z] >>> [apiv2][query] GET https://api.github.com/repos/ AyeshaGitHub96/tak-app/actions/secrets/public-key type=owner
[debug] [2025-03-09T21:56:51.413Z] <<< [apiv2][status] GET https://api.github.com/repos/ AyeshaGitHub96/tak-app/actions/secrets/public-key 404
[debug] [2025-03-09T21:56:51.413Z] <<< [apiv2][body] GET https://api.github.com/repos/ AyeshaGitHub96/tak-app/actions/secrets/public-key {"message":"Not Found","documentation_url":"https://docs.github.com/rest/actions/secrets#get-a-repository-public-key","status":"404"}
[info] 
[info] 
[error] !  The provided authorization cannot be used with this repository. If this repository is in an organization, did you remember to grant access? 
[info] 
[info] i  Action required: Visit this URL to ensure access has been granted to the appropriate organization(s) for the Firebase CLI GitHub OAuth App: 
[info] https://github.com/settings/connections/applications/89cf50f02ac6aaed3484
[info] 
[debug] [2025-03-09T21:57:26.412Z] >>> [apiv2][query] GET https://api.github.com/repos//actions/secrets/public-key type=owner
[debug] [2025-03-09T21:57:26.922Z] <<< [apiv2][status] GET https://api.github.com/repos//actions/secrets/public-key 404
[debug] [2025-03-09T21:57:26.922Z] <<< [apiv2][body] GET https://api.github.com/repos//actions/secrets/public-key {"message":"Not Found","documentation_url":"https://docs.github.com/rest","status":"404"}
[info] 
[info] 
[error] !  The provided authorization cannot be used with this repository. If this repository is in an organization, did you remember to grant access? 
[info] 
[info] i  Action required: Visit this URL to ensure access has been granted to the appropriate organization(s) for the Firebase CLI GitHub OAuth App: 
[info] https://github.com/settings/connections/applications/89cf50f02ac6aaed3484
[info] 
[debug] [2025-03-09T21:57:30.726Z] >>> [apiv2][query] GET https://api.github.com/repos//actions/secrets/public-key type=owner
[debug] [2025-03-09T21:57:31.066Z] <<< [apiv2][status] GET https://api.github.com/repos//actions/secrets/public-key 404
[debug] [2025-03-09T21:57:31.066Z] <<< [apiv2][body] GET https://api.github.com/repos//actions/secrets/public-key {"message":"Not Found","documentation_url":"https://docs.github.com/rest","status":"404"}
[info] 
[info] 
[error] !  The provided authorization cannot be used with this repository. If this repository is in an organization, did you remember to grant access? 
[info] 
[info] i  Action required: Visit this URL to ensure access has been granted to the appropriate organization(s) for the Firebase CLI GitHub OAuth App: 
[info] https://github.com/settings/connections/applications/89cf50f02ac6aaed3484
[info] 
[debug] [2025-03-09T21:57:33.365Z] >>> [apiv2][query] GET https://api.github.com/repos/n/actions/secrets/public-key type=owner
[debug] [2025-03-09T21:57:33.713Z] <<< [apiv2][status] GET https://api.github.com/repos/n/actions/secrets/public-key 404
[debug] [2025-03-09T21:57:33.713Z] <<< [apiv2][body] GET https://api.github.com/repos/n/actions/secrets/public-key {"message":"Not Found","documentation_url":"https://docs.github.com/rest","status":"404"}
[info] 
[info] 
[error] !  The provided authorization cannot be used with this repository. If this repository is in an organization, did you remember to grant access? 
[info] 
[info] i  Action required: Visit this URL to ensure access has been granted to the appropriate organization(s) for the Firebase CLI GitHub OAuth App: 
[info] https://github.com/settings/connections/applications/89cf50f02ac6aaed3484
[info] 
[debug] [2025-03-09T21:57:34.517Z] >>> [apiv2][query] GET https://api.github.com/repos/n/actions/secrets/public-key type=owner
[debug] [2025-03-09T21:57:34.868Z] <<< [apiv2][status] GET https://api.github.com/repos/n/actions/secrets/public-key 404
[debug] [2025-03-09T21:57:34.868Z] <<< [apiv2][body] GET https://api.github.com/repos/n/actions/secrets/public-key {"message":"Not Found","documentation_url":"https://docs.github.com/rest","status":"404"}
[info] 
[info] 
[error] !  The provided authorization cannot be used with this repository. If this repository is in an organization, did you remember to grant access? 
[info] 
[info] i  Action required: Visit this URL to ensure access has been granted to the appropriate organization(s) for the Firebase CLI GitHub OAuth App: 
[info] https://github.com/settings/connections/applications/89cf50f02ac6aaed3484
[info] 
[debug] [2025-03-09T21:57:39.472Z] >>> [apiv2][query] GET https://api.github.com/repos/ AyeshaGitHub96/tak-app/actions/secrets/public-key type=owner
[debug] [2025-03-09T21:57:39.823Z] <<< [apiv2][status] GET https://api.github.com/repos/ AyeshaGitHub96/tak-app/actions/secrets/public-key 404
[debug] [2025-03-09T21:57:39.823Z] <<< [apiv2][body] GET https://api.github.com/repos/ AyeshaGitHub96/tak-app/actions/secrets/public-key {"message":"Not Found","documentation_url":"https://docs.github.com/rest/actions/secrets#get-a-repository-public-key","status":"404"}
[info] 
[info] 
[error] !  The provided authorization cannot be used with this repository. If this repository is in an organization, did you remember to grant access? 
[info] 
[info] i  Action required: Visit this URL to ensure access has been granted to the appropriate organization(s) for the Firebase CLI GitHub OAuth App: 
[info] https://github.com/settings/connections/applications/89cf50f02ac6aaed3484
[info] 
[debug] [2025-03-09T21:57:41.000Z] >>> [apiv2][query] GET https://api.github.com/repos/ AyeshaGitHub96/tak-app/actions/secrets/public-key type=owner
[debug] [2025-03-09T21:57:41.243Z] >>> [apiv2][query] GET https://api.github.com/repos//actions/secrets/public-key type=owner
[debug] [2025-03-09T21:57:41.343Z] <<< [apiv2][status] GET https://api.github.com/repos/ AyeshaGitHub96/tak-app/actions/secrets/public-key 404
[debug] [2025-03-09T21:57:41.343Z] <<< [apiv2][body] GET https://api.github.com/repos/ AyeshaGitHub96/tak-app/actions/secrets/public-key {"message":"Not Found","documentation_url":"https://docs.github.com/rest/actions/secrets#get-a-repository-public-key","status":"404"}
[info] 
[info] 
[error] !  The provided authorization cannot be used with this repository. If this repository is in an organization, did you remember to grant access? 
[info] 
[info] i  Action required: Visit this URL to ensure access has been granted to the appropriate organization(s) for the Firebase CLI GitHub OAuth App: 
[info] https://github.com/settings/connections/applications/89cf50f02ac6aaed3484
[info] 
[debug] [2025-03-09T21:57:41.430Z] >>> [apiv2][query] GET https://api.github.com/repos/ AyeshaGitHub96/tak-app/actions/secrets/public-key type=owner
[debug] [2025-03-09T21:57:41.635Z] >>> [apiv2][query] GET https://api.github.com/repos//actions/secrets/public-key type=owner
[debug] [2025-03-09T21:57:41.742Z] <<< [apiv2][status] GET https://api.github.com/repos//actions/secrets/public-key 404
[debug] [2025-03-09T21:57:41.742Z] <<< [apiv2][body] GET https://api.github.com/repos//actions/secrets/public-key {"message":"Not Found","documentation_url":"https://docs.github.com/rest","status":"404"}
[info] 
[info] 
[error] !  The provided authorization cannot be used with this repository. If this repository is in an organization, did you remember to grant access? 
[info] 
[info] i  Action required: Visit this URL to ensure access has been granted to the appropriate organization(s) for the Firebase CLI GitHub OAuth App: 
[info] https://github.com/settings/connections/applications/89cf50f02ac6aaed3484
[info] 
[debug] [2025-03-09T21:57:41.768Z] <<< [apiv2][status] GET https://api.github.com/repos/ AyeshaGitHub96/tak-app/actions/secrets/public-key 404
[debug] [2025-03-09T21:57:41.768Z] <<< [apiv2][body] GET https://api.github.com/repos/ AyeshaGitHub96/tak-app/actions/secrets/public-key {"message":"Not Found","documentation_url":"https://docs.github.com/rest/actions/secrets#get-a-repository-public-key","status":"404"}
[info] 
[info] 
[error] !  The provided authorization cannot be used with this repository. If this repository is in an organization, did you remember to grant access? 
[info] 
[info] i  Action required: Visit this URL to ensure access has been granted to the appropriate organization(s) for the Firebase CLI GitHub OAuth App: 
[info] https://github.com/settings/connections/applications/89cf50f02ac6aaed3484
[info] 
[debug] [2025-03-09T21:57:41.776Z] >>> [apiv2][query] GET https://api.github.com/repos/ AyeshaGitHub96/tak-app/actions/secrets/public-key type=owner
[debug] [2025-03-09T21:57:41.878Z] >>> [apiv2][query] GET https://api.github.com/repos//actions/secrets/public-key type=owner
[debug] [2025-03-09T21:57:42.112Z] <<< [apiv2][status] GET https://api.github.com/repos/ AyeshaGitHub96/tak-app/actions/secrets/public-key 404
[debug] [2025-03-09T21:57:42.112Z] <<< [apiv2][body] GET https://api.github.com/repos/ AyeshaGitHub96/tak-app/actions/secrets/public-key {"message":"Not Found","documentation_url":"https://docs.github.com/rest/actions/secrets#get-a-repository-public-key","status":"404"}
[info] 
[info] 
[error] !  The provided authorization cannot be used with this repository. If this repository is in an organization, did you remember to grant access? 
[info] 
[info] i  Action required: Visit this URL to ensure access has been granted to the appropriate organization(s) for the Firebase CLI GitHub OAuth App: 
[info] https://github.com/settings/connections/applications/89cf50f02ac6aaed3484
[info] 
[debug] [2025-03-09T21:57:42.124Z] <<< [apiv2][status] GET https://api.github.com/repos//actions/secrets/public-key 404
[debug] [2025-03-09T21:57:42.124Z] <<< [apiv2][body] GET https://api.github.com/repos//actions/secrets/public-key {"message":"Not Found","documentation_url":"https://docs.github.com/rest","status":"404"}
[info] 
[info] 
[error] !  The provided authorization cannot be used with this repository. If this repository is in an organization, did you remember to grant access? 
[info] 
[info] i  Action required: Visit this URL to ensure access has been granted to the appropriate organization(s) for the Firebase CLI GitHub OAuth App: 
[info] https://github.com/settings/connections/applications/89cf50f02ac6aaed3484
[info] 
[debug] [2025-03-09T21:57:42.213Z] <<< [apiv2][status] GET https://api.github.com/repos//actions/secrets/public-key 404
[debug] [2025-03-09T21:57:42.213Z] <<< [apiv2][body] GET https://api.github.com/repos//actions/secrets/public-key {"message":"Not Found","documentation_url":"https://docs.github.com/rest","status":"404"}
[info] 
[info] 
[error] !  The provided authorization cannot be used with this repository. If this repository is in an organization, did you remember to grant access? 
[info] 
[info] i  Action required: Visit this URL to ensure access has been granted to the appropriate organization(s) for the Firebase CLI GitHub OAuth App: 
[info] https://github.com/settings/connections/applications/89cf50f02ac6aaed3484
[info] 
[debug] [2025-03-09T21:57:42.703Z] >>> [apiv2][query] GET https://api.github.com/repos/ AyeshaGitHub96/tak-app/actions/secrets/public-key type=owner
[debug] [2025-03-09T21:57:42.897Z] >>> [apiv2][query] GET https://api.github.com/repos//actions/secrets/public-key type=owner
[debug] [2025-03-09T21:57:43.052Z] <<< [apiv2][status] GET https://api.github.com/repos/ AyeshaGitHub96/tak-app/actions/secrets/public-key 404
[debug] [2025-03-09T21:57:43.052Z] <<< [apiv2][body] GET https://api.github.com/repos/ AyeshaGitHub96/tak-app/actions/secrets/public-key {"message":"Not Found","documentation_url":"https://docs.github.com/rest/actions/secrets#get-a-repository-public-key","status":"404"}
[info] 
[info] 
[error] !  The provided authorization cannot be used with this repository. If this repository is in an organization, did you remember to grant access? 
[info] 
[info] i  Action required: Visit this URL to ensure access has been granted to the appropriate organization(s) for the Firebase CLI GitHub OAuth App: 
[info] https://github.com/settings/connections/applications/89cf50f02ac6aaed3484
[info] 
[debug] [2025-03-09T21:57:43.058Z] >>> [apiv2][query] GET https://api.github.com/repos/ AyeshaGitHub96/tak-app/actions/secrets/public-key type=owner
[debug] [2025-03-09T21:57:43.201Z] >>> [apiv2][query] GET https://api.github.com/repos//actions/secrets/public-key type=owner
[debug] [2025-03-09T21:57:43.256Z] <<< [apiv2][status] GET https://api.github.com/repos//actions/secrets/public-key 404
[debug] [2025-03-09T21:57:43.257Z] <<< [apiv2][body] GET https://api.github.com/repos//actions/secrets/public-key {"message":"Not Found","documentation_url":"https://docs.github.com/rest","status":"404"}
[info] 
[info] 
[error] !  The provided authorization cannot be used with this repository. If this repository is in an organization, did you remember to grant access? 
[info] 
[info] i  Action required: Visit this URL to ensure access has been granted to the appropriate organization(s) for the Firebase CLI GitHub OAuth App: 
[info] https://github.com/settings/connections/applications/89cf50f02ac6aaed3484
[info] 
[debug] [2025-03-09T21:57:43.350Z] >>> [apiv2][query] GET https://api.github.com/repos//actions/secrets/public-key type=owner
[debug] [2025-03-09T21:57:43.421Z] <<< [apiv2][status] GET https://api.github.com/repos/ AyeshaGitHub96/tak-app/actions/secrets/public-key 404
[debug] [2025-03-09T21:57:43.421Z] <<< [apiv2][body] GET https://api.github.com/repos/ AyeshaGitHub96/tak-app/actions/secrets/public-key {"message":"Not Found","documentation_url":"https://docs.github.com/rest/actions/secrets#get-a-repository-public-key","status":"404"}
[info] 
[info] 
[error] !  The provided authorization cannot be used with this repository. If this repository is in an organization, did you remember to grant access? 
[info] 
[info] i  Action required: Visit this URL to ensure access has been granted to the appropriate organization(s) for the Firebase CLI GitHub OAuth App: 
[info] https://github.com/settings/connections/applications/89cf50f02ac6aaed3484
[info] 
[debug] [2025-03-09T21:57:43.484Z] >>> [apiv2][query] GET https://api.github.com/repos/ AyeshaGitHub96/tak-app/actions/secrets/public-key type=owner
[debug] [2025-03-09T21:57:43.521Z] <<< [apiv2][status] GET https://api.github.com/repos//actions/secrets/public-key 404
[debug] [2025-03-09T21:57:43.522Z] <<< [apiv2][body] GET https://api.github.com/repos//actions/secrets/public-key {"message":"Not Found","documentation_url":"https://docs.github.com/rest","status":"404"}
[info] 
[info] 
[error] !  The provided authorization cannot be used with this repository. If this repository is in an organization, did you remember to grant access? 
[info] 
[info] i  Action required: Visit this URL to ensure access has been granted to the appropriate organization(s) for the Firebase CLI GitHub OAuth App: 
[info] https://github.com/settings/connections/applications/89cf50f02ac6aaed3484
[info] 
[debug] [2025-03-09T21:57:43.672Z] <<< [apiv2][status] GET https://api.github.com/repos//actions/secrets/public-key 404
[debug] [2025-03-09T21:57:43.672Z] <<< [apiv2][body] GET https://api.github.com/repos//actions/secrets/public-key {"message":"Not Found","documentation_url":"https://docs.github.com/rest","status":"404"}
[info] 
[info] 
[error] !  The provided authorization cannot be used with this repository. If this repository is in an organization, did you remember to grant access? 
[info] 
[info] i  Action required: Visit this URL to ensure access has been granted to the appropriate organization(s) for the Firebase CLI GitHub OAuth App: 
[info] https://github.com/settings/connections/applications/89cf50f02ac6aaed3484
[info] 
[debug] [2025-03-09T21:57:43.846Z] <<< [apiv2][status] GET https://api.github.com/repos/ AyeshaGitHub96/tak-app/actions/secrets/public-key 404
[debug] [2025-03-09T21:57:43.846Z] <<< [apiv2][body] GET https://api.github.com/repos/ AyeshaGitHub96/tak-app/actions/secrets/public-key {"message":"Not Found","documentation_url":"https://docs.github.com/rest/actions/secrets#get-a-repository-public-key","status":"404"}
[info] 
[info] 
[error] !  The provided authorization cannot be used with this repository. If this repository is in an organization, did you remember to grant access? 
[info] 
[info] i  Action required: Visit this URL to ensure access has been granted to the appropriate organization(s) for the Firebase CLI GitHub OAuth App: 
[info] https://github.com/settings/connections/applications/89cf50f02ac6aaed3484
[info] 
[debug] [2025-03-09T21:57:45.152Z] >>> [apiv2][query] GET https://api.github.com/repos/ AyeshaGitHub96/tak-app/actions/secrets/public-key type=owner
[debug] [2025-03-09T21:57:45.521Z] <<< [apiv2][status] GET https://api.github.com/repos/ AyeshaGitHub96/tak-app/actions/secrets/public-key 404
[debug] [2025-03-09T21:57:45.521Z] <<< [apiv2][body] GET https://api.github.com/repos/ AyeshaGitHub96/tak-app/actions/secrets/public-key {"message":"Not Found","documentation_url":"https://docs.github.com/rest/actions/secrets#get-a-repository-public-key","status":"404"}
[info] 
[info] 
[error] !  The provided authorization cannot be used with this repository. If this repository is in an organization, did you remember to grant access? 
[info] 
[info] i  Action required: Visit this URL to ensure access has been granted to the appropriate organization(s) for the Firebase CLI GitHub OAuth App: 
[info] https://github.com/settings/connections/applications/89cf50f02ac6aaed3484
[info] 
[debug] [2025-03-09T21:58:58.008Z] ----------------------------------------------------------------------
[debug] [2025-03-09T21:58:58.013Z] Command:       C:\Program Files\nodejs\node.exe C:\Users\Ayesha Udunuwara\AppData\Roaming\npm\node_modules\firebase-tools\lib\bin\firebase.js init
[debug] [2025-03-09T21:58:58.013Z] CLI Version:   13.33.0
[debug] [2025-03-09T21:58:58.014Z] Platform:      win32
[debug] [2025-03-09T21:58:58.014Z] Node Version:  v22.14.0
[debug] [2025-03-09T21:58:58.014Z] Time:          Mon Mar 10 2025 03:28:58 GMT+0530 (India Standard Time)
[debug] [2025-03-09T21:58:58.014Z] ----------------------------------------------------------------------
[debug] 
[debug] [2025-03-09T21:58:58.024Z] > command requires scopes: ["email","openid","https://www.googleapis.com/auth/cloudplatformprojects.readonly","https://www.googleapis.com/auth/firebase","https://www.googleapis.com/auth/cloud-platform"]
[debug] [2025-03-09T21:58:58.025Z] > authorizing via signed-in user (a.n.s.udunuwara@gmail.com)
[info] 
     ######## #### ########  ######## ########     ###     ######  ########
     ##        ##  ##     ## ##       ##     ##  ##   ##  ##       ##
     ######    ##  ########  ######   ########  #########  ######  ######
     ##        ##  ##    ##  ##       ##     ## ##     ##       ## ##
     ##       #### ##     ## ######## ########  ##     ##  ######  ########

You're about to initialize a Firebase project in this directory:

  D:\project-00\testapp

